
Thu 14 Mar 2024 08:14:15 PM UTC: 
 exercises.c | 9 ++++++++-
 1 file changed, 8 insertions(+), 1 deletion(-)
In file included from test.c:1:
exercises.c:1:3: error: stray ‘#’ in program
    1 | a #include <ctype.h>
      |   ^
exercises.c:1:1: error: unknown type name ‘a’
    1 | a #include <ctype.h>
      | ^
exercises.c:1:12: error: expected ‘=’, ‘,’, ‘;’, ‘asm’ or ‘__attribute__’ before ‘<’ token
    1 | a #include <ctype.h>
      |            ^
In file included from /nix/store/4pqv2mwdn88h7xvsm7a5zplrd8sxzvw0-glibc-2.35-163-dev/include/stdlib.h:395,
                 from exercises.c:4,
                 from test.c:1:
/nix/store/4pqv2mwdn88h7xvsm7a5zplrd8sxzvw0-glibc-2.35-163-dev/include/sys/types.h:33:9: error: unknown type name ‘__u_char’
   33 | typedef __u_char u_char;
      |         ^~~~~~~~
Compilation failed
0e6daa9
Thu 14 Mar 2024 08:16:06 PM UTC: 
 exercises.c | 4 +++-
 1 file changed, 3 insertions(+), 1 deletion(-)
In file included from test.c:1:
exercises.c:1:3: error: stray ‘#’ in program
    1 | a #include <ctype.h>
      |   ^
exercises.c:1:1: error: unknown type name ‘a’
    1 | a #include <ctype.h>
      | ^
exercises.c:1:12: error: expected ‘=’, ‘,’, ‘;’, ‘asm’ or ‘__attribute__’ before ‘<’ token
    1 | a #include <ctype.h>
      |            ^
In file included from /nix/store/4pqv2mwdn88h7xvsm7a5zplrd8sxzvw0-glibc-2.35-163-dev/include/stdlib.h:395,
                 from exercises.c:4,
                 from test.c:1:
/nix/store/4pqv2mwdn88h7xvsm7a5zplrd8sxzvw0-glibc-2.35-163-dev/include/sys/types.h:33:9: error: unknown type name ‘__u_char’
   33 | typedef __u_char u_char;
      |         ^~~~~~~~
Compilation failed
e6f54bf
Thu 14 Mar 2024 08:16:26 PM UTC: 
 exercises.c | 9 ++++-----
 1 file changed, 4 insertions(+), 5 deletions(-)
In file included from test.c:1:
exercises.c:1:3: error: stray ‘#’ in program
    1 | a #include<ctype.h>
      |   ^
exercises.c:1:1: error: unknown type name ‘a’
    1 | a #include<ctype.h>
      | ^
exercises.c:1:11: error: expected ‘=’, ‘,’, ‘;’, ‘asm’ or ‘__attribute__’ before ‘<’ token
    1 | a #include<ctype.h>
      |           ^
In file included from /nix/store/4pqv2mwdn88h7xvsm7a5zplrd8sxzvw0-glibc-2.35-163-dev/include/stdlib.h:395,
                 from exercises.c:4,
                 from test.c:1:
/nix/store/4pqv2mwdn88h7xvsm7a5zplrd8sxzvw0-glibc-2.35-163-dev/include/sys/types.h:33:9: error: unknown type name ‘__u_char’
   33 | typedef __u_char u_char;
      |         ^~~~~~~~
Compilation failed
2fdecd0
Thu 14 Mar 2024 08:33:04 PM UTC: 
 exercises.c | 16 +++++++++++++---
 1 file changed, 13 insertions(+), 3 deletions(-)
In file included from test.c:1:
exercises.c:1:3: error: stray ‘#’ in program
    1 | a #include<ctype.h>
      |   ^
exercises.c:1:1: error: unknown type name ‘a’
    1 | a #include<ctype.h>
      | ^
exercises.c:1:11: error: expected ‘=’, ‘,’, ‘;’, ‘asm’ or ‘__attribute__’ before ‘<’ token
    1 | a #include<ctype.h>
      |           ^
In file included from /nix/store/4pqv2mwdn88h7xvsm7a5zplrd8sxzvw0-glibc-2.35-163-dev/include/stdlib.h:395,
                 from exercises.c:4,
                 from test.c:1:
/nix/store/4pqv2mwdn88h7xvsm7a5zplrd8sxzvw0-glibc-2.35-163-dev/include/sys/types.h:33:9: error: unknown type name ‘__u_char’
   33 | typedef __u_char u_char;
      |         ^~~~~~~~
test.c: In function ‘filterEvenNumbers’:
test.c:382:5: error: ‘main’ is normally a non-static function [-Werror=main]
  382 | int main(int argc, char *argv[]) {
      |     ^~~~
test.c:410:1: error: expected declaration or statement at end of input
  410 | }
      | ^
test.c:7:6: error: unused variable ‘msg’ [-Werror=unused-variable]
    7 | char msg[300];
      |      ^~~
In file included from test.c:1:
exercises.c:43:8: error: unused variable ‘newArr’ [-Werror=unused-variable]
   43 |   int *newArr = (int *)malloc(size * sizeof(int));
      |        ^~~~~~
test.c:411: error: control reaches end of non-void function [-Werror=return-type]
At top level:
test.c:382:5: error: ‘main’ defined but not used [-Werror=unused-function]
  382 | int main(int argc, char *argv[]) {
      |     ^~~~
test.c:47:6: error: ‘readIntArray’ defined but not used [-Werror=unused-function]
   47 | void readIntArray(int arr[], int *size) {
      |      ^~~~~~~~~~~~
cc1: all warnings being treated as errors
Compilation failed
3cadd51
Thu 14 Mar 2024 08:43:21 PM UTC: 
 exercises.c | 5 ++++-
 1 file changed, 4 insertions(+), 1 deletion(-)
In file included from test.c:1:
exercises.c:1:3: error: stray ‘#’ in program
    1 | a #include<ctype.h>
      |   ^
exercises.c:1:1: error: unknown type name ‘a’
    1 | a #include<ctype.h>
      | ^
exercises.c:1:11: error: expected ‘=’, ‘,’, ‘;’, ‘asm’ or ‘__attribute__’ before ‘<’ token
    1 | a #include<ctype.h>
      |           ^
In file included from /nix/store/4pqv2mwdn88h7xvsm7a5zplrd8sxzvw0-glibc-2.35-163-dev/include/stdlib.h:395,
                 from exercises.c:4,
                 from test.c:1:
/nix/store/4pqv2mwdn88h7xvsm7a5zplrd8sxzvw0-glibc-2.35-163-dev/include/sys/types.h:33:9: error: unknown type name ‘__u_char’
   33 | typedef __u_char u_char;
      |         ^~~~~~~~
In file included from test.c:1:
exercises.c: In function ‘mergeSortedArrays’:
exercises.c:59:24: error: expected expression before ‘}’ token
   59 |                        }
      |                        ^
test.c: In function ‘filterEvenNumbers’:
test.c:382:5: error: ‘main’ is normally a non-static function [-Werror=main]
  382 | int main(int argc, char *argv[]) {
      |     ^~~~
test.c:410:1: error: expected declaration or statement at end of input
  410 | }
      | ^
test.c:7:6: error: unused variable ‘msg’ [-Werror=unused-variable]
    7 | char msg[300];
      |      ^~~
In file included from test.c:1:
exercises.c:43:8: error: unused variable ‘newArr’ [-Werror=unused-variable]
   43 |   int *newArr = (int *)malloc(size * sizeof(int));
      |        ^~~~~~
test.c:411: error: control reaches end of non-void function [-Werror=return-type]
At top level:
test.c:382:5: error: ‘main’ defined but not used [-Werror=unused-function]
  382 | int main(int argc, char *argv[]) {
      |     ^~~~
test.c:47:6: error: ‘readIntArray’ defined but not used [-Werror=unused-function]
   47 | void readIntArray(int arr[], int *size) {
      |      ^~~~~~~~~~~~
cc1: all warnings being treated as errors
Compilation failed
458ba13
Thu 14 Mar 2024 08:43:35 PM UTC: 
 exercises.c | 2 +-
 1 file changed, 1 insertion(+), 1 deletion(-)
In file included from test.c:1:
exercises.c: In function ‘mergeSortedArrays’:
exercises.c:59:24: error: expected expression before ‘}’ token
   59 |                        }
      |                        ^
test.c: In function ‘filterEvenNumbers’:
test.c:382:5: error: ‘main’ is normally a non-static function [-Werror=main]
  382 | int main(int argc, char *argv[]) {
      |     ^~~~
test.c:410:1: error: expected declaration or statement at end of input
  410 | }
      | ^
test.c:7:6: error: unused variable ‘msg’ [-Werror=unused-variable]
    7 | char msg[300];
      |      ^~~
In file included from test.c:1:
exercises.c:43:8: error: unused variable ‘newArr’ [-Werror=unused-variable]
   43 |   int *newArr = (int *)malloc(size * sizeof(int));
      |        ^~~~~~
test.c:411: error: control reaches end of non-void function [-Werror=return-type]
At top level:
test.c:382:5: error: ‘main’ defined but not used [-Werror=unused-function]
  382 | int main(int argc, char *argv[]) {
      |     ^~~~
test.c:47:6: error: ‘readIntArray’ defined but not used [-Werror=unused-function]
   47 | void readIntArray(int arr[], int *size) {
      |      ^~~~~~~~~~~~
cc1: all warnings being treated as errors
Compilation failed
723484e
Thu 14 Mar 2024 08:44:07 PM UTC: 
 exercises.c | 4 +---
 1 file changed, 1 insertion(+), 3 deletions(-)
test.c: In function ‘filterEvenNumbers’:
test.c:382:5: error: ‘main’ is normally a non-static function [-Werror=main]
  382 | int main(int argc, char *argv[]) {
      |     ^~~~
test.c:410:1: error: expected declaration or statement at end of input
  410 | }
      | ^
test.c:7:6: error: unused variable ‘msg’ [-Werror=unused-variable]
    7 | char msg[300];
      |      ^~~
In file included from test.c:1:
exercises.c:43:8: error: unused variable ‘newArr’ [-Werror=unused-variable]
   43 |   int *newArr = (int *)malloc(size * sizeof(int));
      |        ^~~~~~
test.c:411: error: control reaches end of non-void function [-Werror=return-type]
At top level:
test.c:382:5: error: ‘main’ defined but not used [-Werror=unused-function]
  382 | int main(int argc, char *argv[]) {
      |     ^~~~
test.c:47:6: error: ‘readIntArray’ defined but not used [-Werror=unused-function]
   47 | void readIntArray(int arr[], int *size) {
      |      ^~~~~~~~~~~~
cc1: all warnings being treated as errors
Compilation failed
9c0d1d3
Thu 14 Mar 2024 08:46:36 PM UTC: 
 exercises.c | 12 +++++++-----
 1 file changed, 7 insertions(+), 5 deletions(-)
In file included from test.c:1:
exercises.c:45:25: error: "/*" within comment [-Werror=comment]
   45 |     if (arr[i] % 2 == 0)/*
      |                          
exercises.c:50:1: error: "/*" within comment [-Werror=comment]
   50 | /*
      |  
exercises.c: In function ‘mergeSortedArrays’:
exercises.c:59:24: error: expected expression before ‘}’ token
   59 |                        }
      |                        ^
cc1: all warnings being treated as errors
Compilation failed
b319058
